[1208/151735.804:ERROR:directory_reader_win.cc(43)] FindFirstFile: The system cannot find the path specified. (0x3)
[1208/153205.595:ERROR:directory_reader_win.cc(43)] FindFirstFile: The system cannot find the path specified. (0x3)
[1208/160048.982:ERROR:directory_reader_win.cc(43)] FindFirstFile: The system cannot find the path specified. (0x3)
[1209/084610.611:ERROR:directory_reader_win.cc(43)] FindFirstFile: The system cannot find the path specified. (0x3)
[1209/092513.713:ERROR:process_reader_win.cc(123)] NtOpenThread: {Access Denied} A process has requested access to an object, but has not been granted those access rights. (0xc0000022)
[1209/092513.714:ERROR:exception_snapshot_win.cc(99)] thread ID 18876 not found in process
[1209/092513.805:ERROR:process_reader_win.cc(123)] NtOpenThread: {Access Denied} A process has requested access to an object, but has not been granted those access rights. (0xc0000022)
[1209/092513.805:ERROR:exception_snapshot_win.cc(99)] thread ID 15740 not found in process
[1209/094918.636:ERROR:directory_reader_win.cc(43)] FindFirstFile: The system cannot find the path specified. (0x3)
[1209/102733.770:ERROR:process_reader_win.cc(123)] NtOpenThread: {Access Denied} A process has requested access to an object, but has not been granted those access rights. (0xc0000022)
[1209/102733.772:ERROR:exception_snapshot_win.cc(99)] thread ID 9424 not found in process
[1209/102733.825:ERROR:process_reader_win.cc(123)] NtOpenThread: {Access Denied} A process has requested access to an object, but has not been granted those access rights. (0xc0000022)
[1209/102733.825:ERROR:exception_snapshot_win.cc(99)] thread ID 4996 not found in process
[1209/111545.501:ERROR:directory_reader_win.cc(43)] FindFirstFile: The system cannot find the path specified. (0x3)
[1209/123814.219:ERROR:directory_reader_win.cc(43)] FindFirstFile: The system cannot find the path specified. (0x3)
[1209/125846.263:ERROR:directory_reader_win.cc(43)] FindFirstFile: The system cannot find the path specified. (0x3)
[1209/142509.642:ERROR:directory_reader_win.cc(43)] FindFirstFile: The system cannot find the path specified. (0x3)
[1209/154714.649:ERROR:directory_reader_win.cc(43)] FindFirstFile: The system cannot find the path specified. (0x3)
[1209/181553.958:ERROR:directory_reader_win.cc(43)] FindFirstFile: The system cannot find the path specified. (0x3)
[1209/181925.322:ERROR:process_reader_win.cc(123)] NtOpenThread: {Access Denied} A process has requested access to an object, but has not been granted those access rights. (0xc0000022)
[1209/181925.323:ERROR:exception_snapshot_win.cc(99)] thread ID 6336 not found in process
[1209/181925.380:ERROR:process_reader_win.cc(123)] NtOpenThread: {Access Denied} A process has requested access to an object, but has not been granted those access rights. (0xc0000022)
[1209/181925.380:ERROR:exception_snapshot_win.cc(99)] thread ID 10732 not found in process
[1209/182950.958:ERROR:directory_reader_win.cc(43)] FindFirstFile: The system cannot find the path specified. (0x3)
[1210/072825.164:ERROR:directory_reader_win.cc(43)] FindFirstFile: The system cannot find the path specified. (0x3)
[1211/055821.531:ERROR:file_io.cc(90)] ReadExactly: expected 36, observed 0
[1211/072825.202:ERROR:directory_reader_win.cc(43)] FindFirstFile: The system cannot find the path specified. (0x3)
[1211/100609.872:ERROR:directory_reader_win.cc(43)] FindFirstFile: The system cannot find the path specified. (0x3)
[1211/122749.229:ERROR:directory_reader_win.cc(43)] FindFirstFile: The system cannot find the path specified. (0x3)
[1212/122750.874:ERROR:directory_reader_win.cc(43)] FindFirstFile: The system cannot find the path specified. (0x3)
[1213/025937.057:ERROR:directory_reader_win.cc(43)] FindFirstFile: The system cannot find the path specified. (0x3)
[1214/011234.949:ERROR:directory_reader_win.cc(43)] FindFirstFile: The system cannot find the path specified. (0x3)
[1214/130329.193:ERROR:directory_reader_win.cc(43)] FindFirstFile: The system cannot find the path specified. (0x3)
[1215/130329.206:ERROR:directory_reader_win.cc(43)] FindFirstFile: The system cannot find the path specified. (0x3)
[1216/130329.217:ERROR:directory_reader_win.cc(43)] FindFirstFile: The system cannot find the path specified. (0x3)
[1217/130329.240:ERROR:directory_reader_win.cc(43)] FindFirstFile: The system cannot find the path specified. (0x3)
[1218/130333.142:ERROR:directory_reader_win.cc(43)] FindFirstFile: The system cannot find the path specified. (0x3)
[1219/130333.195:ERROR:directory_reader_win.cc(43)] FindFirstFile: The system cannot find the path specified. (0x3)
[1220/130334.440:ERROR:directory_reader_win.cc(43)] FindFirstFile: The system cannot find the path specified. (0x3)
[1220/184601.906:ERROR:process_reader_win.cc(123)] NtOpenThread: {Access Denied} A process has requested access to an object, but has not been granted those access rights. (0xc0000022)
[1220/184601.908:ERROR:exception_snapshot_win.cc(99)] thread ID 16756 not found in process
[1220/184602.014:ERROR:process_reader_win.cc(151)] SuspendThread: Access is denied. (0x5)
[1220/184602.015:ERROR:process_reader_win.cc(151)] SuspendThread: Access is denied. (0x5)
[1220/184602.015:ERROR:process_reader_win.cc(151)] SuspendThread: Access is denied. (0x5)
[1220/184602.015:ERROR:process_reader_win.cc(151)] SuspendThread: Access is denied. (0x5)
[1220/184602.015:ERROR:process_reader_win.cc(151)] SuspendThread: Access is denied. (0x5)
[1220/184602.015:ERROR:process_reader_win.cc(123)] NtOpenThread: {Access Denied} A process has requested access to an object, but has not been granted those access rights. (0xc0000022)
[1220/184602.015:ERROR:exception_snapshot_win.cc(99)] thread ID 9656 not found in process
[1221/010238.792:ERROR:directory_reader_win.cc(43)] FindFirstFile: The system cannot find the path specified. (0x3)
[1221/014630.379:ERROR:directory_reader_win.cc(43)] FindFirstFile: The system cannot find the path specified. (0x3)
[1221/085011.675:ERROR:directory_reader_win.cc(43)] FindFirstFile: The system cannot find the path specified. (0x3)
[1221/102842.961:ERROR:process_reader_win.cc(151)] SuspendThread: Access is denied. (0x5)
[1221/102842.961:ERROR:process_reader_win.cc(151)] SuspendThread: Access is denied. (0x5)
[1221/102842.963:ERROR:process_reader_win.cc(151)] SuspendThread: Access is denied. (0x5)
[1221/102842.963:ERROR:process_reader_win.cc(151)] SuspendThread: Access is denied. (0x5)
[1221/102842.963:ERROR:process_reader_win.cc(151)] SuspendThread: Access is denied. (0x5)
[1221/102842.963:ERROR:process_reader_win.cc(151)] SuspendThread: Access is denied. (0x5)
[1221/102842.963:ERROR:process_reader_win.cc(151)] SuspendThread: Access is denied. (0x5)
[1221/102842.963:ERROR:process_reader_win.cc(151)] SuspendThread: Access is denied. (0x5)
[1221/102842.963:ERROR:process_reader_win.cc(151)] SuspendThread: Access is denied. (0x5)
[1221/102842.963:ERROR:process_reader_win.cc(123)] NtOpenThread: {Access Denied} A process has requested access to an object, but has not been granted those access rights. (0xc0000022)
[1221/102842.964:ERROR:exception_snapshot_win.cc(99)] thread ID 5828 not found in process
[1221/102843.149:ERROR:process_reader_win.cc(151)] SuspendThread: Access is denied. (0x5)
[1221/102843.149:ERROR:process_reader_win.cc(151)] SuspendThread: Access is denied. (0x5)
[1221/102843.149:ERROR:process_reader_win.cc(151)] SuspendThread: Access is denied. (0x5)
[1221/102843.149:ERROR:process_reader_win.cc(151)] SuspendThread: Access is denied. (0x5)
[1221/102843.149:ERROR:process_reader_win.cc(151)] SuspendThread: Access is denied. (0x5)
[1221/102843.149:ERROR:process_reader_win.cc(123)] NtOpenThread: {Access Denied} A process has requested access to an object, but has not been granted those access rights. (0xc0000022)
[1221/102843.149:ERROR:exception_snapshot_win.cc(99)] thread ID 6372 not found in process
[1221/103850.343:ERROR:directory_reader_win.cc(43)] FindFirstFile: The system cannot find the path specified. (0x3)
[1221/134455.158:ERROR:directory_reader_win.cc(43)] FindFirstFile: The system cannot find the path specified. (0x3)
[1222/134455.185:ERROR:directory_reader_win.cc(43)] FindFirstFile: The system cannot find the path specified. (0x3)
[1223/003419.017:ERROR:directory_reader_win.cc(43)] FindFirstFile: The system cannot find the path specified. (0x3)
[1224/003419.046:ERROR:directory_reader_win.cc(43)] FindFirstFile: The system cannot find the path specified. (0x3)
[1224/010651.997:ERROR:process_reader_win.cc(151)] SuspendThread: Access is denied. (0x5)
[1224/010651.998:ERROR:process_reader_win.cc(151)] SuspendThread: Access is denied. (0x5)
[1224/010651.998:ERROR:process_reader_win.cc(151)] SuspendThread: Access is denied. (0x5)
[1224/010651.998:ERROR:process_reader_win.cc(151)] SuspendThread: Access is denied. (0x5)
[1224/010651.998:ERROR:process_reader_win.cc(123)] NtOpenThread: {Access Denied} A process has requested access to an object, but has not been granted those access rights. (0xc0000022)
[1224/010651.999:ERROR:exception_snapshot_win.cc(99)] thread ID 228 not found in process
[1224/012643.247:ERROR:directory_reader_win.cc(43)] FindFirstFile: The system cannot find the path specified. (0x3)
[1225/012643.266:ERROR:directory_reader_win.cc(43)] FindFirstFile: The system cannot find the path specified. (0x3)
[1226/012643.295:ERROR:directory_reader_win.cc(43)] FindFirstFile: The system cannot find the path specified. (0x3)
[1226/111938.315:ERROR:directory_reader_win.cc(43)] FindFirstFile: The system cannot find the path specified. (0x3)
[1227/111938.317:ERROR:directory_reader_win.cc(43)] FindFirstFile: The system cannot find the path specified. (0x3)
[1228/111938.337:ERROR:directory_reader_win.cc(43)] FindFirstFile: The system cannot find the path specified. (0x3)
[1229/024412.422:ERROR:process_reader_win.cc(151)] SuspendThread: Access is denied. (0x5)
[1229/024412.423:ERROR:process_reader_win.cc(151)] SuspendThread: Access is denied. (0x5)
[1229/024412.423:ERROR:process_reader_win.cc(151)] SuspendThread: Access is denied. (0x5)
[1229/024412.423:ERROR:process_reader_win.cc(151)] SuspendThread: Access is denied. (0x5)
[1229/024412.423:ERROR:process_reader_win.cc(151)] SuspendThread: Access is denied. (0x5)
[1229/024412.423:ERROR:process_reader_win.cc(123)] NtOpenThread: {Access Denied} A process has requested access to an object, but has not been granted those access rights. (0xc0000022)
[1229/024412.424:ERROR:exception_snapshot_win.cc(99)] thread ID 21476 not found in process
[1229/025535.683:ERROR:directory_reader_win.cc(43)] FindFirstFile: The system cannot find the path specified. (0x3)
[1230/025535.696:ERROR:directory_reader_win.cc(43)] FindFirstFile: The system cannot find the path specified. (0x3)
[1231/025535.740:ERROR:directory_reader_win.cc(43)] FindFirstFile: The system cannot find the path specified. (0x3)
[0101/025535.750:ERROR:directory_reader_win.cc(43)] FindFirstFile: The system cannot find the path specified. (0x3)
[0101/122218.780:ERROR:directory_reader_win.cc(43)] FindFirstFile: The system cannot find the path specified. (0x3)
[0101/152503.018:ERROR:directory_reader_win.cc(43)] FindFirstFile: The system cannot find the path specified. (0x3)
[0102/094756.862:ERROR:directory_reader_win.cc(43)] FindFirstFile: The system cannot find the path specified. (0x3)
[0102/095947.145:ERROR:directory_reader_win.cc(43)] FindFirstFile: The system cannot find the path specified. (0x3)
[0102/201629.278:ERROR:process_reader_win.cc(123)] NtOpenThread: {Access Denied} A process has requested access to an object, but has not been granted those access rights. (0xc0000022)
[0102/201629.281:ERROR:exception_snapshot_win.cc(99)] thread ID 6636 not found in process
[0102/201629.316:ERROR:process_reader_win.cc(123)] NtOpenThread: {Access Denied} A process has requested access to an object, but has not been granted those access rights. (0xc0000022)
[0102/201629.316:ERROR:exception_snapshot_win.cc(99)] thread ID 832 not found in process
[0102/204236.906:ERROR:directory_reader_win.cc(43)] FindFirstFile: The system cannot find the path specified. (0x3)
[0103/204236.936:ERROR:directory_reader_win.cc(43)] FindFirstFile: The system cannot find the path specified. (0x3)
[0104/204238.532:ERROR:directory_reader_win.cc(43)] FindFirstFile: The system cannot find the path specified. (0x3)
[0105/001904.779:ERROR:directory_reader_win.cc(43)] FindFirstFile: The system cannot find the path specified. (0x3)
[0105/133539.468:ERROR:process_reader_win.cc(123)] NtOpenThread: {Access Denied} A process has requested access to an object, but has not been granted those access rights. (0xc0000022)
[0105/133539.469:ERROR:exception_snapshot_win.cc(99)] thread ID 6828 not found in process
[0105/133539.515:ERROR:process_reader_win.cc(123)] NtOpenThread: {Access Denied} A process has requested access to an object, but has not been granted those access rights. (0xc0000022)
[0105/133539.515:ERROR:exception_snapshot_win.cc(99)] thread ID 6068 not found in process
[0105/134554.279:ERROR:directory_reader_win.cc(43)] FindFirstFile: The system cannot find the path specified. (0x3)
[0105/135859.648:ERROR:process_reader_win.cc(123)] NtOpenThread: {Access Denied} A process has requested access to an object, but has not been granted those access rights. (0xc0000022)
[0105/135859.649:ERROR:exception_snapshot_win.cc(99)] thread ID 7500 not found in process
[0105/135859.708:ERROR:process_reader_win.cc(123)] NtOpenThread: {Access Denied} A process has requested access to an object, but has not been granted those access rights. (0xc0000022)
[0105/135859.708:ERROR:exception_snapshot_win.cc(99)] thread ID 15376 not found in process
[0105/140904.158:ERROR:directory_reader_win.cc(43)] FindFirstFile: The system cannot find the path specified. (0x3)
[0105/162929.531:ERROR:directory_reader_win.cc(43)] FindFirstFile: The system cannot find the path specified. (0x3)
[0106/093228.422:ERROR:directory_reader_win.cc(43)] FindFirstFile: The system cannot find the path specified. (0x3)
[0107/093228.433:ERROR:directory_reader_win.cc(43)] FindFirstFile: The system cannot find the path specified. (0x3)
[0108/093230.310:ERROR:directory_reader_win.cc(43)] FindFirstFile: The system cannot find the path specified. (0x3)
[0108/235242.539:ERROR:file_io.cc(90)] ReadExactly: expected 36, observed 0
[0108/235251.755:ERROR:file_io.cc(90)] ReadExactly: expected 36, observed 0
[0108/235518.369:ERROR:file_io.cc(90)] ReadExactly: expected 36, observed 0
[0109/003849.351:ERROR:process_reader_win.cc(123)] NtOpenThread: {Access Denied} A process has requested access to an object, but has not been granted those access rights. (0xc0000022)
[0109/003849.355:ERROR:exception_snapshot_win.cc(99)] thread ID 4128 not found in process
[0109/003849.443:ERROR:process_reader_win.cc(123)] NtOpenThread: {Access Denied} A process has requested access to an object, but has not been granted those access rights. (0xc0000022)
[0109/003849.443:ERROR:exception_snapshot_win.cc(99)] thread ID 10348 not found in process
[0109/004932.487:ERROR:directory_reader_win.cc(43)] FindFirstFile: The system cannot find the path specified. (0x3)
[0109/105827.351:ERROR:filesystem_win.cc(129)] GetFileAttributes D:\Downloads\Amazon Script - AFA\Profile\Amazon\Crashpad\attachments\6c3d99c5-cfdb-458d-ac2f-4734b30c1e4f: The system cannot find the path specified. (0x3)
[0110/004933.764:ERROR:directory_reader_win.cc(43)] FindFirstFile: The system cannot find the path specified. (0x3)
[0110/074742.529:ERROR:filesystem_win.cc(129)] GetFileAttributes D:\Downloads\Amazon Script - AFA\Profile\Amazon\Crashpad\attachments\b24f82d8-9c3e-4079-b0fd-9de8c4e7ee35: The system cannot find the path specified. (0x3)
[0110/160249.802:ERROR:filesystem_win.cc(129)] GetFileAttributes D:\Downloads\Amazon Script - AFA\Profile\Amazon\Crashpad\attachments\3cf4d88b-7267-4111-9331-aaa9f1524368: The system cannot find the path specified. (0x3)
[0111/004933.779:ERROR:directory_reader_win.cc(43)] FindFirstFile: The system cannot find the path specified. (0x3)
[0112/004933.784:ERROR:directory_reader_win.cc(43)] FindFirstFile: The system cannot find the path specified. (0x3)
[0113/004935.589:ERROR:directory_reader_win.cc(43)] FindFirstFile: The system cannot find the path specified. (0x3)
[0113/143039.074:ERROR:directory_reader_win.cc(43)] FindFirstFile: The system cannot find the path specified. (0x3)
[0114/143040.121:ERROR:directory_reader_win.cc(43)] FindFirstFile: The system cannot find the path specified. (0x3)
[0114/201455.213:ERROR:directory_reader_win.cc(43)] FindFirstFile: The system cannot find the path specified. (0x3)
[0115/090843.179:ERROR:process_reader_win.cc(123)] NtOpenThread: {Access Denied} A process has requested access to an object, but has not been granted those access rights. (0xc0000022)
[0115/090843.184:ERROR:exception_snapshot_win.cc(99)] thread ID 3536 not found in process
[0115/090843.258:ERROR:process_reader_win.cc(151)] SuspendThread: Access is denied. (0x5)
[0115/090843.259:ERROR:process_reader_win.cc(151)] SuspendThread: Access is denied. (0x5)
[0115/090843.259:ERROR:process_reader_win.cc(151)] SuspendThread: Access is denied. (0x5)
[0115/090843.259:ERROR:process_reader_win.cc(151)] SuspendThread: Access is denied. (0x5)
[0115/090843.259:ERROR:process_reader_win.cc(151)] SuspendThread: Access is denied. (0x5)
[0115/090843.259:ERROR:process_reader_win.cc(151)] SuspendThread: Access is denied. (0x5)
[0115/090843.259:ERROR:process_reader_win.cc(123)] NtOpenThread: {Access Denied} A process has requested access to an object, but has not been granted those access rights. (0xc0000022)
[0115/090843.259:ERROR:exception_snapshot_win.cc(99)] thread ID 1232 not found in process
[0115/091848.565:ERROR:directory_reader_win.cc(43)] FindFirstFile: The system cannot find the path specified. (0x3)
[0115/110253.657:ERROR:file_io.cc(90)] ReadExactly: expected 36, observed 0
[0116/015725.314:ERROR:process_reader_win.cc(151)] SuspendThread: Access is denied. (0x5)
[0116/015725.316:ERROR:process_reader_win.cc(151)] SuspendThread: Access is denied. (0x5)
[0116/015725.316:ERROR:process_reader_win.cc(123)] NtOpenThread: {Access Denied} A process has requested access to an object, but has not been granted those access rights. (0xc0000022)
[0116/015725.320:ERROR:exception_snapshot_win.cc(99)] thread ID 14932 not found in process
[0116/015725.423:ERROR:process_reader_win.cc(151)] SuspendThread: Access is denied. (0x5)
[0116/015725.423:ERROR:process_reader_win.cc(151)] SuspendThread: Access is denied. (0x5)
[0116/015725.423:ERROR:process_reader_win.cc(151)] SuspendThread: Access is denied. (0x5)
[0116/015725.423:ERROR:process_reader_win.cc(151)] SuspendThread: Access is denied. (0x5)
[0116/015725.423:ERROR:process_reader_win.cc(151)] SuspendThread: Access is denied. (0x5)
[0116/015725.423:ERROR:process_reader_win.cc(123)] NtOpenThread: {Access Denied} A process has requested access to an object, but has not been granted those access rights. (0xc0000022)
[0116/015725.423:ERROR:exception_snapshot_win.cc(99)] thread ID 7580 not found in process
[0116/020745.542:ERROR:directory_reader_win.cc(43)] FindFirstFile: The system cannot find the path specified. (0x3)
[0117/020745.552:ERROR:directory_reader_win.cc(43)] FindFirstFile: The system cannot find the path specified. (0x3)
[0118/020745.572:ERROR:directory_reader_win.cc(43)] FindFirstFile: The system cannot find the path specified. (0x3)
[0119/020750.969:ERROR:directory_reader_win.cc(43)] FindFirstFile: The system cannot find the path specified. (0x3)
[0120/020751.013:ERROR:directory_reader_win.cc(43)] FindFirstFile: The system cannot find the path specified. (0x3)
